{"C:\\Users\\48500\\Desktop\\DegenFight\\fightAppBE\\backend\\consts.ts": {"path":"C:\\Users\\48500\\Desktop\\DegenFight\\fightAppBE\\backend\\consts.ts","statementMap":{"0":{"start":{"line":1,"column":0},"end":{"line":1,"column":null}},"1":{"start":{"line":2,"column":2},"end":{"line":2,"column":null}},"2":{"start":{"line":3,"column":2},"end":{"line":3,"column":null}},"3":{"start":{"line":4,"column":2},"end":{"line":4,"column":null}},"4":{"start":{"line":5,"column":2},"end":{"line":5,"column":null}},"5":{"start":{"line":6,"column":2},"end":{"line":6,"column":null}},"6":{"start":{"line":7,"column":2},"end":{"line":7,"column":null}},"7":{"start":{"line":10,"column":0},"end":{"line":10,"column":null}},"8":{"start":{"line":11,"column":2},"end":{"line":11,"column":null}},"9":{"start":{"line":12,"column":2},"end":{"line":12,"column":null}},"10":{"start":{"line":13,"column":2},"end":{"line":13,"column":null}}},"fnMap":{"0":{"name":"(anonymous_0)","decl":{"start":{"line":1,"column":0},"end":{"line":1,"column":12}},"loc":{"start":{"line":1,"column":21},"end":{"line":8,"column":1}}},"1":{"name":"(anonymous_1)","decl":{"start":{"line":10,"column":0},"end":{"line":10,"column":12}},"loc":{"start":{"line":10,"column":28},"end":{"line":14,"column":1}}}},"branchMap":{"0":{"loc":{"start":{"line":1,"column":12},"end":{"line":1,"column":null}},"type":"binary-expr","locations":[{"start":{"line":1,"column":12},"end":{"line":1,"column":21}},{"start":{"line":1,"column":12},"end":{"line":1,"column":null}}]},"1":{"loc":{"start":{"line":10,"column":12},"end":{"line":10,"column":null}},"type":"binary-expr","locations":[{"start":{"line":10,"column":12},"end":{"line":10,"column":28}},{"start":{"line":10,"column":12},"end":{"line":10,"column":null}}]}},"s":{"0":1,"1":1,"2":1,"3":1,"4":1,"5":1,"6":1,"7":1,"8":1,"9":1,"10":1},"f":{"0":1,"1":1},"b":{"0":[1,1],"1":[1,1]}}
,"C:\\Users\\48500\\Desktop\\DegenFight\\fightAppBE\\backend\\controllers\\functions\\betHelpers.ts": {"path":"C:\\Users\\48500\\Desktop\\DegenFight\\fightAppBE\\backend\\controllers\\functions\\betHelpers.ts","statementMap":{"0":{"start":{"line":2,"column":0},"end":{"line":2,"column":40}},"1":{"start":{"line":3,"column":0},"end":{"line":3,"column":49}},"2":{"start":{"line":4,"column":0},"end":{"line":4,"column":46}},"3":{"start":{"line":6,"column":21},"end":{"line":13,"column":null}},"4":{"start":{"line":6,"column":75},"end":{"line":13,"column":null}},"5":{"start":{"line":7,"column":19},"end":{"line":8,"column":null}},"6":{"start":{"line":10,"column":15},"end":{"line":10,"column":36}},"7":{"start":{"line":12,"column":2},"end":{"line":12,"column":null}},"8":{"start":{"line":133,"column":9},"end":{"line":133,"column":21}},"9":{"start":{"line":14,"column":29},"end":{"line":106,"column":null}},"10":{"start":{"line":17,"column":4},"end":{"line":106,"column":null}},"11":{"start":{"line":18,"column":43},"end":{"line":18,"column":45}},"12":{"start":{"line":20,"column":2},"end":{"line":103,"column":null}},"13":{"start":{"line":21,"column":26},"end":{"line":21,"column":53}},"14":{"start":{"line":23,"column":26},"end":{"line":24,"column":null}},"15":{"start":{"line":24,"column":13},"end":{"line":24,"column":73}},"16":{"start":{"line":27,"column":4},"end":{"line":102,"column":null}},"17":{"start":{"line":28,"column":30},"end":{"line":28,"column":75}},"18":{"start":{"line":29,"column":30},"end":{"line":29,"column":52}},"19":{"start":{"line":34,"column":6},"end":{"line":71,"column":null}},"20":{"start":{"line":36,"column":10},"end":{"line":36,"column":null}},"21":{"start":{"line":37,"column":10},"end":{"line":37,"column":15}},"22":{"start":{"line":40,"column":10},"end":{"line":40,"column":null}},"23":{"start":{"line":41,"column":10},"end":{"line":41,"column":null}},"24":{"start":{"line":42,"column":10},"end":{"line":42,"column":15}},"25":{"start":{"line":45,"column":10},"end":{"line":45,"column":null}},"26":{"start":{"line":46,"column":10},"end":{"line":46,"column":null}},"27":{"start":{"line":47,"column":10},"end":{"line":47,"column":15}},"28":{"start":{"line":50,"column":10},"end":{"line":50,"column":null}},"29":{"start":{"line":51,"column":10},"end":{"line":51,"column":null}},"30":{"start":{"line":52,"column":10},"end":{"line":52,"column":15}},"31":{"start":{"line":55,"column":10},"end":{"line":58,"column":null}},"32":{"start":{"line":59,"column":10},"end":{"line":59,"column":null}},"33":{"start":{"line":60,"column":10},"end":{"line":60,"column":15}},"34":{"start":{"line":63,"column":32},"end":{"line":63,"column":66}},"35":{"start":{"line":64,"column":32},"end":{"line":64,"column":66}},"36":{"start":{"line":65,"column":10},"end":{"line":65,"column":null}},"37":{"start":{"line":66,"column":10},"end":{"line":66,"column":null}},"38":{"start":{"line":67,"column":10},"end":{"line":67,"column":15}},"39":{"start":{"line":70,"column":10},"end":{"line":70,"column":null}},"40":{"start":{"line":73,"column":23},"end":{"line":76,"column":null}},"41":{"start":{"line":79,"column":32},"end":{"line":81,"column":8}},"42":{"start":{"line":83,"column":19},"end":{"line":83,"column":58}},"43":{"start":{"line":84,"column":27},"end":{"line":84,"column":67}},"44":{"start":{"line":86,"column":6},"end":{"line":89,"column":null}},"45":{"start":{"line":87,"column":8},"end":{"line":87,"column":null}},"46":{"start":{"line":88,"column":8},"end":{"line":88,"column":null}},"47":{"start":{"line":90,"column":6},"end":{"line":93,"column":null}},"48":{"start":{"line":91,"column":8},"end":{"line":91,"column":null}},"49":{"start":{"line":92,"column":8},"end":{"line":92,"column":null}},"50":{"start":{"line":95,"column":6},"end":{"line":99,"column":null}},"51":{"start":{"line":96,"column":8},"end":{"line":96,"column":null}},"52":{"start":{"line":97,"column":8},"end":{"line":97,"column":null}},"53":{"start":{"line":98,"column":8},"end":{"line":98,"column":null}},"54":{"start":{"line":101,"column":6},"end":{"line":101,"column":null}},"55":{"start":{"line":105,"column":2},"end":{"line":105,"column":null}},"56":{"start":{"line":133,"column":23},"end":{"line":133,"column":43}},"57":{"start":{"line":107,"column":28},"end":{"line":127,"column":null}},"58":{"start":{"line":107,"column":76},"end":{"line":127,"column":null}},"59":{"start":{"line":108,"column":2},"end":{"line":126,"column":null}},"60":{"start":{"line":109,"column":29},"end":{"line":111,"column":6}},"61":{"start":{"line":112,"column":17},"end":{"line":112,"column":56}},"62":{"start":{"line":113,"column":4},"end":{"line":115,"column":null}},"63":{"start":{"line":114,"column":6},"end":{"line":114,"column":null}},"64":{"start":{"line":116,"column":4},"end":{"line":116,"column":null}},"65":{"start":{"line":117,"column":4},"end":{"line":117,"column":null}},"66":{"start":{"line":118,"column":20},"end":{"line":120,"column":null}},"67":{"start":{"line":122,"column":4},"end":{"line":125,"column":null}},"68":{"start":{"line":123,"column":6},"end":{"line":123,"column":null}},"69":{"start":{"line":124,"column":6},"end":{"line":124,"column":null}},"70":{"start":{"line":133,"column":45},"end":{"line":133,"column":64}},"71":{"start":{"line":130,"column":2},"end":{"line":130,"column":null}},"72":{"start":{"line":133,"column":66},"end":{"line":133,"column":69}}},"fnMap":{"0":{"name":"(anonymous_8)","decl":{"start":{"line":6,"column":21},"end":{"line":6,"column":28}},"loc":{"start":{"line":6,"column":75},"end":{"line":13,"column":null}}},"1":{"name":"(anonymous_9)","decl":{"start":{"line":6,"column":75},"end":{"line":6,"column":null}},"loc":{"start":{"line":6,"column":75},"end":{"line":13,"column":1}}},"2":{"name":"(anonymous_10)","decl":{"start":{"line":14,"column":29},"end":{"line":14,"column":null}},"loc":{"start":{"line":17,"column":4},"end":{"line":106,"column":null}}},"3":{"name":"(anonymous_11)","decl":{"start":{"line":17,"column":4},"end":{"line":17,"column":null}},"loc":{"start":{"line":17,"column":4},"end":{"line":106,"column":1}}},"4":{"name":"(anonymous_12)","decl":{"start":{"line":24,"column":6},"end":{"line":24,"column":9}},"loc":{"start":{"line":24,"column":13},"end":{"line":24,"column":73}}},"5":{"name":"(anonymous_13)","decl":{"start":{"line":107,"column":28},"end":{"line":107,"column":35}},"loc":{"start":{"line":107,"column":76},"end":{"line":127,"column":null}}},"6":{"name":"(anonymous_14)","decl":{"start":{"line":107,"column":76},"end":{"line":107,"column":null}},"loc":{"start":{"line":107,"column":76},"end":{"line":127,"column":1}}},"7":{"name":"sum","decl":{"start":{"line":129,"column":9},"end":{"line":129,"column":12}},"loc":{"start":{"line":129,"column":34},"end":{"line":131,"column":1}}}},"branchMap":{"0":{"loc":{"start":{"line":24,"column":13},"end":{"line":24,"column":73}},"type":"binary-expr","locations":[{"start":{"line":24,"column":13},"end":{"line":24,"column":36}},{"start":{"line":24,"column":40},"end":{"line":24,"column":55}},{"start":{"line":24,"column":59},"end":{"line":24,"column":73}}]},"1":{"loc":{"start":{"line":34,"column":6},"end":{"line":71,"column":null}},"type":"switch","locations":[{"start":{"line":35,"column":8},"end":{"line":37,"column":15}},{"start":{"line":39,"column":8},"end":{"line":42,"column":15}},{"start":{"line":44,"column":8},"end":{"line":47,"column":15}},{"start":{"line":49,"column":8},"end":{"line":52,"column":15}},{"start":{"line":54,"column":8},"end":{"line":60,"column":15}},{"start":{"line":62,"column":8},"end":{"line":67,"column":15}},{"start":{"line":69,"column":8},"end":{"line":70,"column":null}}]},"2":{"loc":{"start":{"line":41,"column":25},"end":{"line":41,"column":59}},"type":"binary-expr","locations":[{"start":{"line":41,"column":25},"end":{"line":41,"column":40}},{"start":{"line":41,"column":44},"end":{"line":41,"column":59}}]},"3":{"loc":{"start":{"line":46,"column":25},"end":{"line":46,"column":59}},"type":"binary-expr","locations":[{"start":{"line":46,"column":25},"end":{"line":46,"column":40}},{"start":{"line":46,"column":44},"end":{"line":46,"column":59}}]},"4":{"loc":{"start":{"line":51,"column":25},"end":{"line":51,"column":59}},"type":"binary-expr","locations":[{"start":{"line":51,"column":25},"end":{"line":51,"column":40}},{"start":{"line":51,"column":44},"end":{"line":51,"column":59}}]},"5":{"loc":{"start":{"line":56,"column":12},"end":{"line":58,"column":45}},"type":"binary-expr","locations":[{"start":{"line":56,"column":12},"end":{"line":56,"column":40}},{"start":{"line":57,"column":12},"end":{"line":57,"column":44}},{"start":{"line":58,"column":12},"end":{"line":58,"column":45}}]},"6":{"loc":{"start":{"line":59,"column":25},"end":{"line":59,"column":59}},"type":"binary-expr","locations":[{"start":{"line":59,"column":25},"end":{"line":59,"column":40}},{"start":{"line":59,"column":44},"end":{"line":59,"column":59}}]},"7":{"loc":{"start":{"line":65,"column":28},"end":{"line":65,"column":60}},"type":"binary-expr","locations":[{"start":{"line":65,"column":28},"end":{"line":65,"column":42}},{"start":{"line":65,"column":46},"end":{"line":65,"column":60}}]},"8":{"loc":{"start":{"line":83,"column":44},"end":{"line":83,"column":57}},"type":"cond-expr","locations":[{"start":{"line":83,"column":52},"end":{"line":83,"column":54}},{"start":{"line":83,"column":52},"end":{"line":83,"column":57}}]},"9":{"loc":{"start":{"line":83,"column":44},"end":{"line":83,"column":54}},"type":"binary-expr","locations":[{"start":{"line":83,"column":44},"end":{"line":83,"column":54}},{"start":{"line":83,"column":52},"end":{"line":83,"column":54}}]},"10":{"loc":{"start":{"line":86,"column":6},"end":{"line":89,"column":null}},"type":"if","locations":[{"start":{"line":86,"column":6},"end":{"line":89,"column":null}}]},"11":{"loc":{"start":{"line":86,"column":10},"end":{"line":86,"column":30}},"type":"binary-expr","locations":[{"start":{"line":86,"column":10},"end":{"line":86,"column":22}},{"start":{"line":86,"column":26},"end":{"line":86,"column":30}}]},"12":{"loc":{"start":{"line":90,"column":6},"end":{"line":93,"column":null}},"type":"if","locations":[{"start":{"line":90,"column":6},"end":{"line":93,"column":null}}]},"13":{"loc":{"start":{"line":90,"column":10},"end":{"line":90,"column":48}},"type":"binary-expr","locations":[{"start":{"line":90,"column":10},"end":{"line":90,"column":32}},{"start":{"line":90,"column":36},"end":{"line":90,"column":48}}]},"14":{"loc":{"start":{"line":95,"column":6},"end":{"line":99,"column":null}},"type":"if","locations":[{"start":{"line":95,"column":6},"end":{"line":99,"column":null}}]},"15":{"loc":{"start":{"line":112,"column":42},"end":{"line":112,"column":55}},"type":"cond-expr","locations":[{"start":{"line":112,"column":50},"end":{"line":112,"column":52}},{"start":{"line":112,"column":50},"end":{"line":112,"column":55}}]},"16":{"loc":{"start":{"line":112,"column":42},"end":{"line":112,"column":52}},"type":"binary-expr","locations":[{"start":{"line":112,"column":42},"end":{"line":112,"column":52}},{"start":{"line":112,"column":50},"end":{"line":112,"column":52}}]},"17":{"loc":{"start":{"line":113,"column":4},"end":{"line":115,"column":null}},"type":"if","locations":[{"start":{"line":113,"column":4},"end":{"line":115,"column":null}}]},"18":{"loc":{"start":{"line":122,"column":4},"end":{"line":125,"column":null}},"type":"if","locations":[{"start":{"line":122,"column":4},"end":{"line":125,"column":null}}]}},"s":{"0":1,"1":1,"2":1,"3":1,"4":0,"5":0,"6":0,"7":0,"8":1,"9":1,"10":0,"11":0,"12":0,"13":0,"14":0,"15":0,"16":0,"17":0,"18":0,"19":0,"20":0,"21":0,"22":0,"23":0,"24":0,"25":0,"26":0,"27":0,"28":0,"29":0,"30":0,"31":0,"32":0,"33":0,"34":0,"35":0,"36":0,"37":0,"38":0,"39":0,"40":0,"41":0,"42":0,"43":0,"44":0,"45":0,"46":0,"47":0,"48":0,"49":0,"50":0,"51":0,"52":0,"53":0,"54":0,"55":0,"56":1,"57":1,"58":0,"59":0,"60":0,"61":0,"62":0,"63":0,"64":0,"65":0,"66":0,"67":0,"68":0,"69":0,"70":1,"71":1,"72":1},"f":{"0":0,"1":0,"2":0,"3":0,"4":0,"5":0,"6":0,"7":1},"b":{"0":[0,0,0],"1":[0,0,0,0,0,0,0],"2":[0,0],"3":[0,0],"4":[0,0],"5":[0,0,0],"6":[0,0],"7":[0,0],"8":[0,0],"9":[0,0],"10":[0],"11":[0,0],"12":[0],"13":[0,0],"14":[0],"15":[0,0],"16":[0,0],"17":[0],"18":[0]}}
,"C:\\Users\\48500\\Desktop\\DegenFight\\fightAppBE\\backend\\models\\betModel.ts": {"path":"C:\\Users\\48500\\Desktop\\DegenFight\\fightAppBE\\backend\\models\\betModel.ts","statementMap":{"0":{"start":{"line":1,"column":0},"end":{"line":1,"column":40}},"1":{"start":{"line":2,"column":0},"end":{"line":2,"column":55}},"2":{"start":{"line":4,"column":0},"end":{"line":4,"column":55}},"3":{"start":{"line":6,"column":28},"end":{"line":98,"column":2}},"4":{"start":{"line":100,"column":22},"end":{"line":102,"column":null}},"5":{"start":{"line":105,"column":0},"end":{"line":105,"column":null}}},"fnMap":{},"branchMap":{},"s":{"0":1,"1":1,"2":1,"3":1,"4":1,"5":1},"f":{},"b":{}}
,"C:\\Users\\48500\\Desktop\\DegenFight\\fightAppBE\\backend\\models\\betUtilsModels.ts": {"path":"C:\\Users\\48500\\Desktop\\DegenFight\\fightAppBE\\backend\\models\\betUtilsModels.ts","statementMap":{"0":{"start":{"line":1,"column":0},"end":{"line":1,"column":33}},"1":{"start":{"line":2,"column":0},"end":{"line":2,"column":55}},"2":{"start":{"line":5,"column":29},"end":{"line":47,"column":2}},"3":{"start":{"line":70,"column":9},"end":{"line":70,"column":29}},"4":{"start":{"line":49,"column":24},"end":{"line":59,"column":2}},"5":{"start":{"line":70,"column":31},"end":{"line":70,"column":46}},"6":{"start":{"line":61,"column":31},"end":{"line":68,"column":2}},"7":{"start":{"line":70,"column":48},"end":{"line":70,"column":70}}},"fnMap":{},"branchMap":{},"s":{"0":1,"1":1,"2":1,"3":1,"4":1,"5":1,"6":1,"7":1},"f":{},"b":{}}
,"C:\\Users\\48500\\Desktop\\DegenFight\\fightAppBE\\backend\\models\\userModel.ts": {"path":"C:\\Users\\48500\\Desktop\\DegenFight\\fightAppBE\\backend\\models\\userModel.ts","statementMap":{"0":{"start":{"line":1,"column":0},"end":{"line":1,"column":50}},"1":{"start":{"line":2,"column":0},"end":{"line":2,"column":29}},"2":{"start":{"line":17,"column":19},"end":{"line":62,"column":null}},"3":{"start":{"line":65,"column":0},"end":{"line":67,"column":null}},"4":{"start":{"line":66,"column":2},"end":{"line":66,"column":null}},"5":{"start":{"line":68,"column":0},"end":{"line":75,"column":null}},"6":{"start":{"line":69,"column":2},"end":{"line":71,"column":null}},"7":{"start":{"line":70,"column":4},"end":{"line":70,"column":null}},"8":{"start":{"line":73,"column":15},"end":{"line":73,"column":39}},"9":{"start":{"line":74,"column":2},"end":{"line":74,"column":null}},"10":{"start":{"line":77,"column":13},"end":{"line":77,"column":52}},"11":{"start":{"line":79,"column":0},"end":{"line":79,"column":null}}},"fnMap":{"0":{"name":"(anonymous_8)","decl":{"start":{"line":65,"column":35},"end":{"line":65,"column":51}},"loc":{"start":{"line":65,"column":74},"end":{"line":67,"column":null}}},"1":{"name":"(anonymous_10)","decl":{"start":{"line":68,"column":23},"end":{"line":68,"column":39}},"loc":{"start":{"line":68,"column":43},"end":{"line":75,"column":2}}}},"branchMap":{"0":{"loc":{"start":{"line":69,"column":2},"end":{"line":71,"column":null}},"type":"if","locations":[{"start":{"line":69,"column":2},"end":{"line":71,"column":null}}]}},"s":{"0":2,"1":2,"2":2,"3":2,"4":0,"5":2,"6":1,"7":0,"8":1,"9":1,"10":2,"11":2},"f":{"0":0,"1":1},"b":{"0":[0]}}
,"C:\\Users\\48500\\Desktop\\DegenFight\\fightAppBE\\backend\\tests\\mongoServer\\dbManager.ts": {"path":"C:\\Users\\48500\\Desktop\\DegenFight\\fightAppBE\\backend\\tests\\mongoServer\\dbManager.ts","statementMap":{"0":{"start":{"line":1,"column":0},"end":{"line":1,"column":37}},"1":{"start":{"line":5,"column":10},"end":{"line":5,"column":null}},"2":{"start":{"line":10,"column":4},"end":{"line":10,"column":null}},"3":{"start":{"line":13,"column":4},"end":{"line":13,"column":null}},"4":{"start":{"line":17,"column":4},"end":{"line":19,"column":null}},"5":{"start":{"line":18,"column":6},"end":{"line":18,"column":null}},"6":{"start":{"line":23,"column":0},"end":{"line":23,"column":null}}},"fnMap":{"0":{"name":"(anonymous_7)","decl":{"start":{"line":9,"column":2},"end":{"line":9,"column":null}},"loc":{"start":{"line":9,"column":2},"end":{"line":11,"column":3}}},"1":{"name":"(anonymous_8)","decl":{"start":{"line":12,"column":2},"end":{"line":12,"column":6}},"loc":{"start":{"line":12,"column":16},"end":{"line":14,"column":3}}},"2":{"name":"(anonymous_9)","decl":{"start":{"line":16,"column":8},"end":{"line":16,"column":13}},"loc":{"start":{"line":16,"column":13},"end":{"line":20,"column":null}}}},"branchMap":{"0":{"loc":{"start":{"line":5,"column":16},"end":{"line":5,"column":43}},"type":"binary-expr","locations":[{"start":{"line":5,"column":16},"end":{"line":5,"column":37}},{"start":{"line":5,"column":41},"end":{"line":5,"column":43}}]},"1":{"loc":{"start":{"line":17,"column":4},"end":{"line":19,"column":null}},"type":"if","locations":[{"start":{"line":17,"column":4},"end":{"line":19,"column":null}}]}},"s":{"0":1,"1":1,"2":1,"3":0,"4":0,"5":0,"6":1},"f":{"0":1,"1":0,"2":0},"b":{"0":[1,0],"1":[0]}}
,"C:\\Users\\48500\\Desktop\\DegenFight\\fightAppBE\\backend\\tests\\mongoServer\\main.ts": {"path":"C:\\Users\\48500\\Desktop\\DegenFight\\fightAppBE\\backend\\tests\\mongoServer\\main.ts","statementMap":{"0":{"start":{"line":1,"column":0},"end":{"line":1,"column":35}},"1":{"start":{"line":4,"column":2},"end":{"line":4,"column":null}},"2":{"start":{"line":5,"column":13},"end":{"line":5,"column":39}},"3":{"start":{"line":6,"column":2},"end":{"line":6,"column":null}},"4":{"start":{"line":3,"column":0},"end":{"line":3,"column":22}}},"fnMap":{"0":{"name":"main","decl":{"start":{"line":3,"column":22},"end":{"line":3,"column":26}},"loc":{"start":{"line":3,"column":26},"end":{"line":7,"column":null}}}},"branchMap":{},"s":{"0":1,"1":1,"2":1,"3":1,"4":1},"f":{"0":1},"b":{}}
}
