TN:
SF:consts.ts
FN:1,(anonymous_0)
FN:10,(anonymous_1)
FNF:2
FNH:2
FNDA:1,(anonymous_0)
FNDA:1,(anonymous_1)
DA:1,1
DA:2,1
DA:3,1
DA:4,1
DA:5,1
DA:6,1
DA:7,1
DA:10,1
DA:11,1
DA:12,1
DA:13,1
LF:11
LH:11
BRDA:1,0,0,1
BRDA:1,0,1,1
BRDA:10,1,0,1
BRDA:10,1,1,1
BRF:4
BRH:4
end_of_record
TN:
SF:controllers\functions\betHelpers.ts
FN:6,(anonymous_8)
FN:6,(anonymous_9)
FN:14,(anonymous_10)
FN:17,(anonymous_11)
FN:24,(anonymous_12)
FN:107,(anonymous_13)
FN:107,(anonymous_14)
FN:129,sum
FNF:8
FNH:1
FNDA:0,(anonymous_8)
FNDA:0,(anonymous_9)
FNDA:0,(anonymous_10)
FNDA:0,(anonymous_11)
FNDA:0,(anonymous_12)
FNDA:0,(anonymous_13)
FNDA:0,(anonymous_14)
FNDA:1,sum
DA:2,1
DA:3,1
DA:4,1
DA:6,1
DA:7,0
DA:10,0
DA:12,0
DA:14,1
DA:17,0
DA:18,0
DA:20,0
DA:21,0
DA:23,0
DA:24,0
DA:27,0
DA:28,0
DA:29,0
DA:34,0
DA:36,0
DA:37,0
DA:40,0
DA:41,0
DA:42,0
DA:45,0
DA:46,0
DA:47,0
DA:50,0
DA:51,0
DA:52,0
DA:55,0
DA:59,0
DA:60,0
DA:63,0
DA:64,0
DA:65,0
DA:66,0
DA:67,0
DA:70,0
DA:73,0
DA:79,0
DA:83,0
DA:84,0
DA:86,0
DA:87,0
DA:88,0
DA:90,0
DA:91,0
DA:92,0
DA:95,0
DA:96,0
DA:97,0
DA:98,0
DA:101,0
DA:105,0
DA:107,1
DA:108,0
DA:109,0
DA:112,0
DA:113,0
DA:114,0
DA:116,0
DA:117,0
DA:118,0
DA:122,0
DA:123,0
DA:124,0
DA:130,1
DA:133,1
LF:68
LH:8
BRDA:24,0,0,0
BRDA:24,0,1,0
BRDA:24,0,2,0
BRDA:34,1,0,0
BRDA:34,1,1,0
BRDA:34,1,2,0
BRDA:34,1,3,0
BRDA:34,1,4,0
BRDA:34,1,5,0
BRDA:34,1,6,0
BRDA:41,2,0,0
BRDA:41,2,1,0
BRDA:46,3,0,0
BRDA:46,3,1,0
BRDA:51,4,0,0
BRDA:51,4,1,0
BRDA:56,5,0,0
BRDA:56,5,1,0
BRDA:56,5,2,0
BRDA:59,6,0,0
BRDA:59,6,1,0
BRDA:65,7,0,0
BRDA:65,7,1,0
BRDA:83,8,0,0
BRDA:83,8,1,0
BRDA:83,9,0,0
BRDA:83,9,1,0
BRDA:86,10,0,0
BRDA:86,11,0,0
BRDA:86,11,1,0
BRDA:90,12,0,0
BRDA:90,13,0,0
BRDA:90,13,1,0
BRDA:95,14,0,0
BRDA:112,15,0,0
BRDA:112,15,1,0
BRDA:112,16,0,0
BRDA:112,16,1,0
BRDA:113,17,0,0
BRDA:122,18,0,0
BRF:40
BRH:0
end_of_record
TN:
SF:models\betModel.ts
FNF:0
FNH:0
DA:1,1
DA:2,1
DA:4,1
DA:6,1
DA:100,1
DA:105,1
LF:6
LH:6
BRF:0
BRH:0
end_of_record
TN:
SF:models\betUtilsModels.ts
FNF:0
FNH:0
DA:1,1
DA:2,1
DA:5,1
DA:49,1
DA:61,1
DA:70,1
LF:6
LH:6
BRF:0
BRH:0
end_of_record
TN:
SF:models\userModel.ts
FN:65,(anonymous_8)
FN:68,(anonymous_10)
FNF:2
FNH:1
FNDA:0,(anonymous_8)
FNDA:1,(anonymous_10)
DA:1,2
DA:2,2
DA:17,2
DA:65,2
DA:66,0
DA:68,2
DA:69,1
DA:70,0
DA:73,1
DA:74,1
DA:77,2
DA:79,2
LF:12
LH:10
BRDA:69,0,0,0
BRF:1
BRH:0
end_of_record
TN:
SF:tests\mongoServer\dbManager.ts
FN:9,(anonymous_7)
FN:12,(anonymous_8)
FN:16,(anonymous_9)
FNF:3
FNH:1
FNDA:1,(anonymous_7)
FNDA:0,(anonymous_8)
FNDA:0,(anonymous_9)
DA:1,1
DA:5,1
DA:10,1
DA:13,0
DA:17,0
DA:18,0
DA:23,1
LF:7
LH:4
BRDA:5,0,0,1
BRDA:5,0,1,0
BRDA:17,1,0,0
BRF:3
BRH:1
end_of_record
TN:
SF:tests\mongoServer\main.ts
FN:3,main
FNF:1
FNH:1
FNDA:1,main
DA:1,1
DA:3,1
DA:4,1
DA:5,1
DA:6,1
LF:5
LH:5
BRF:0
BRH:0
end_of_record
